<?xml version="1.0" encoding="UTF-8"?>
<!-- Generated by org.testng.reporters.JUnitReportReporter -->
<testsuite hostname="SATISH-GUDALA" failures="0" tests="5" name="testNGpractice.PriorityAnnotationTest" time="0.031" errors="0" timestamp="12 Jul 2023 06:59:55 GMT" skipped="0">
  <testcase classname="testNGpractice.PriorityAnnotationTest" name="testFour" time="0.006"/>
  <testcase classname="testNGpractice.PriorityAnnotationTest" name="testThree" time="0.002"/>
  <testcase classname="testNGpractice.PriorityAnnotationTest" name="testTwo" time="0.002"/>
  <testcase classname="testNGpractice.PriorityAnnotationTest" name="testOne" time="0.004"/>
  <testcase classname="testNGpractice.PriorityAnnotationTest" name="testFive" time="0.017"/>
</testsuite> <!-- testNGpractice.PriorityAnnotationTest -->
