<?xml version="1.0" encoding="UTF-8"?>
<!-- Generated by org.testng.reporters.JUnitReportReporter -->
<testsuite hostname="SATISH-GUDALA" failures="0" tests="3" name="testNGpractice.EnablingOrDisablingTests" time="0.019" errors="0" timestamp="12 Jul 2023 07:24:00 GMT" skipped="1">
  <testcase classname="testNGpractice.EnablingOrDisablingTests" name="enableTest1" time="0.017"/>
  <testcase classname="testNGpractice.EnablingOrDisablingTests" name="enableTest2" time="0.002"/>
  <testcase classname="testNGpractice.EnablingOrDisablingTests" name="enableTest3">
    <skipped/>
  </testcase> <!-- enableTest3 -->
</testsuite> <!-- testNGpractice.EnablingOrDisablingTests -->
