<?xml version="1.0" encoding="UTF-8"?>
<!-- Generated by org.testng.reporters.JUnitReportReporter -->
<testsuite hostname="SATISH-GUDALA" failures="0" tests="1" name="testNGpractice.TestEx1" time="20.888" errors="0" timestamp="11 Jul 2023 07:47:39 GMT" skipped="0">
  <testcase classname="testNGpractice.TestEx1" name="googletitle" time="20.888"/>
</testsuite> <!-- testNGpractice.TestEx1 -->
