<?xml version="1.0" encoding="UTF-8"?>
<!-- Generated by org.testng.reporters.JUnitReportReporter -->
<testsuite hostname="SATISH-GUDALA" failures="0" tests="4" name="testNGpractice.PriorityTest" time="0.017" errors="0" timestamp="18 Jul 2023 07:37:24 GMT" skipped="0">
  <testcase classname="testNGpractice.PriorityTest" name="testsix" time="0.010"/>
  <testcase classname="testNGpractice.PriorityTest" name="testOne" time="0.003"/>
  <testcase classname="testNGpractice.PriorityTest" name="testTwo" time="0.002"/>
  <testcase classname="testNGpractice.PriorityTest" name="testThree" time="0.002"/>
</testsuite> <!-- testNGpractice.PriorityTest -->
