<?xml version="1.0" encoding="UTF-8"?>
<!-- Generated by org.testng.reporters.JUnitReportReporter -->
<testsuite hostname="SATISH-GUDALA" failures="0" tests="2" name="TestNGpractice.TestNgEx2" time="21.280" errors="0" timestamp="08 Jul 2023 13:28:41 GMT" skipped="0">
  <testcase classname="TestNGpractice.TestNgEx2" name="facebook" time="9.414"/>
  <testcase classname="TestNGpractice.TestNgEx2" name="googletest" time="11.866"/>
</testsuite> <!-- TestNGpractice.TestNgEx2 -->
