<?xml version="1.0" encoding="UTF-8"?>
<!-- Generated by org.testng.reporters.JUnitReportReporter -->
<testsuite hostname="SATISH-GUDALA" failures="0" tests="2" name="testNGpractice.AnnotationTest" time="0.012" errors="0" timestamp="11 Jul 2023 07:47:39 GMT" skipped="0">
  <testcase classname="testNGpractice.AnnotationTest" name="test1" time="0.010"/>
  <testcase classname="testNGpractice.AnnotationTest" name="test2" time="0.002"/>
</testsuite> <!-- testNGpractice.AnnotationTest -->
